In file included from [01m[K/home/slh/sensor_simulator_ws/src/SensorSimulator/src/test_simulator.cpp:1:0[m[K:
[01m[K/home/slh/sensor_simulator_ws/src/SensorSimulator/include/sensor_simulator.h:[m[K In constructor ‚Äò[01m[KSensorSimulator::SensorSimulator(ros::NodeHandle&)[m[K‚Äô:
[01m[K/home/slh/sensor_simulator_ws/src/SensorSimulator/include/sensor_simulator.h:82:42:[m[K [01;31m[Kerror: [m[Kredeclaration of ‚Äò[01m[Kpcl::PointCloud<pcl::PointXYZ>::Ptr cloud[m[K‚Äô
 pcl::PointCloud<pcl::PointXYZ>::Ptr cloud(new pcl::PointCloud<pcl::PointXYZ>());
[01;32m[K                                          ^[m[K
[01m[K/home/slh/sensor_simulator_ws/src/SensorSimulator/include/sensor_simulator.h:62:45:[m[K [01;36m[Knote: [m[K‚Äò[01m[Kpcl::PointCloud<pcl::PointXYZ>::Ptr cloud[m[K‚Äô previously declared here
         pcl::PointCloud<pcl::PointXYZ>::Ptr cloud(new pcl::PointCloud<pcl::PointXYZ>());
[01;32m[K                                             ^[m[K
In file included from [01m[K/home/slh/sensor_simulator_ws/src/SensorSimulator/src/sensor_simulator.cpp:1:0[m[K:
[01m[K/home/slh/sensor_simulator_ws/src/SensorSimulator/include/sensor_simulator.h:[m[K In constructor ‚Äò[01m[KSensorSimulator::SensorSimulator(ros::NodeHandle&)[m[K‚Äô:
[01m[K/home/slh/sensor_simulator_ws/src/SensorSimulator/include/sensor_simulator.h:82:42:[m[K [01;31m[Kerror: [m[Kredeclaration of ‚Äò[01m[Kpcl::PointCloud<pcl::PointXYZ>::Ptr cloud[m[K‚Äô
 pcl::PointCloud<pcl::PointXYZ>::Ptr cloud(new pcl::PointCloud<pcl::PointXYZ>());
[01;32m[K                                          ^[m[K
[01m[K/home/slh/sensor_simulator_ws/src/SensorSimulator/include/sensor_simulator.h:62:45:[m[K [01;36m[Knote: [m[K‚Äò[01m[Kpcl::PointCloud<pcl::PointXYZ>::Ptr cloud[m[K‚Äô previously declared here
         pcl::PointCloud<pcl::PointXYZ>::Ptr cloud(new pcl::PointCloud<pcl::PointXYZ>());
[01;32m[K                                             ^[m[K
make[2]: *** [CMakeFiles/sensor_simulator.dir/src/test_simulator.cpp.o] Error 1
make[2]: *** Ê≠£Âú®Á≠âÂæÖÊú™ÂÆåÊàêÁöÑ‰ªªÂä°....
make[2]: *** [CMakeFiles/sensor_simulator.dir/src/sensor_simulator.cpp.o] Error 1
make[1]: *** [CMakeFiles/sensor_simulator.dir/all] Error 2
make: *** [all] Error 2
